<?xml version="1.0" encoding="UTF-8" standalone="yes"?><!DOCTYPE report PUBLIC "-//JACOCO//DTD Report 1.1//EN" "report.dtd"><report name="practica_inicial"><sessioninfo id="DESKTOP-JC3I3AF-55137a9a" start="1764043372904" dump="1764043373978"/><sessioninfo id="DESKTOP-JC3I3AF-70b5cc05" start="1764043480554" dump="1764043481613"/><package name="com/mycompany/practica_inicial"><class name="com/mycompany/practica_inicial/InventoryManager" sourcefilename="InventoryManager.java"><method name="&lt;init&gt;" desc="()V" line="11"><counter type="INSTRUCTION" missed="0" covered="8"/><counter type="LINE" missed="0" covered="2"/><counter type="COMPLEXITY" missed="0" covered="1"/><counter type="METHOD" missed="0" covered="1"/></method><method name="addItem" desc="(Ljava/lang/String;I)V" line="16"><counter type="INSTRUCTION" missed="0" covered="56"/><counter type="BRANCH" missed="1" covered="11"/><counter type="LINE" missed="0" covered="10"/><counter type="COMPLEXITY" missed="1" covered="6"/><counter type="METHOD" missed="0" covered="1"/></method><method name="getQuantity" desc="(Ljava/lang/String;)I" line="36"><counter type="INSTRUCTION" missed="0" covered="9"/><counter type="LINE" missed="0" covered="1"/><counter type="COMPLEXITY" missed="0" covered="1"/><counter type="METHOD" missed="0" covered="1"/></method><method name="getInventory" desc="()Ljava/util/Map;" line="40"><counter type="INSTRUCTION" missed="3" covered="0"/><counter type="LINE" missed="1" covered="0"/><counter type="COMPLEXITY" missed="1" covered="0"/><counter type="METHOD" missed="1" covered="0"/></method><counter type="INSTRUCTION" missed="3" covered="73"/><counter type="BRANCH" missed="1" covered="11"/><counter type="LINE" missed="1" covered="13"/><counter type="COMPLEXITY" missed="2" covered="8"/><counter type="METHOD" missed="1" covered="3"/><counter type="CLASS" missed="0" covered="1"/></class><class name="com/mycompany/practica_inicial/PasswordValidator" sourcefilename="PasswordValidator.java"><method name="&lt;init&gt;" desc="()V" line="6"><counter type="INSTRUCTION" missed="3" covered="0"/><counter type="LINE" missed="1" covered="0"/><counter type="COMPLEXITY" missed="1" covered="0"/><counter type="METHOD" missed="1" covered="0"/></method><method name="isValid" desc="(Ljava/lang/String;)Z" line="14"><counter type="INSTRUCTION" missed="0" covered="108"/><counter type="BRANCH" missed="6" covered="28"/><counter type="LINE" missed="0" covered="17"/><counter type="COMPLEXITY" missed="6" covered="12"/><counter type="METHOD" missed="0" covered="1"/></method><counter type="INSTRUCTION" missed="3" covered="108"/><counter type="BRANCH" missed="6" covered="28"/><counter type="LINE" missed="1" covered="17"/><counter type="COMPLEXITY" missed="7" covered="12"/><counter type="METHOD" missed="1" covered="1"/><counter type="CLASS" missed="0" covered="1"/></class><class name="com/mycompany/practica_inicial/Email" sourcefilename="Email.java"><method name="&lt;init&gt;" desc="()V" line="11"><counter type="INSTRUCTION" missed="0" covered="3"/><counter type="LINE" missed="0" covered="1"/><counter type="COMPLEXITY" missed="0" covered="1"/><counter type="METHOD" missed="0" covered="1"/></method><method name="isValidEmail" desc="(Ljava/lang/String;)Z" line="15"><counter type="INSTRUCTION" missed="8" covered="99"/><counter type="BRANCH" missed="8" covered="20"/><counter type="LINE" missed="0" covered="19"/><counter type="COMPLEXITY" missed="8" covered="7"/><counter type="METHOD" missed="0" covered="1"/></method><counter type="INSTRUCTION" missed="8" covered="102"/><counter type="BRANCH" missed="8" covered="20"/><counter type="LINE" missed="0" covered="20"/><counter type="COMPLEXITY" missed="8" covered="8"/><counter type="METHOD" missed="0" covered="2"/><counter type="CLASS" missed="0" covered="1"/></class><sourcefile name="InventoryManager.java"><line nr="11" mi="0" ci="2" mb="0" cb="0"/><line nr="13" mi="0" ci="6" mb="0" cb="0"/><line nr="16" mi="0" ci="6" mb="1" cb="3"/><line nr="17" mi="0" ci="5" mb="0" cb="0"/><line nr="20" mi="0" ci="8" mb="0" cb="4"/><line nr="21" mi="0" ci="5" mb="0" cb="0"/><line nr="24" mi="0" ci="2" mb="0" cb="2"/><line nr="25" mi="0" ci="5" mb="0" cb="0"/><line nr="28" mi="0" ci="3" mb="0" cb="2"/><line nr="29" mi="0" ci="5" mb="0" cb="0"/><line nr="32" mi="0" ci="16" mb="0" cb="0"/><line nr="33" mi="0" ci="1" mb="0" cb="0"/><line nr="36" mi="0" ci="9" mb="0" cb="0"/><line nr="40" mi="3" ci="0" mb="0" cb="0"/><counter type="INSTRUCTION" missed="3" covered="73"/><counter type="BRANCH" missed="1" covered="11"/><counter type="LINE" missed="1" covered="13"/><counter type="COMPLEXITY" missed="2" covered="8"/><counter type="METHOD" missed="1" covered="3"/><counter type="CLASS" missed="0" covered="1"/></sourcefile><sourcefile name="Email.java"><line nr="11" mi="0" ci="3" mb="0" cb="0"/><line nr="15" mi="0" ci="6" mb="0" cb="4"/><line nr="16" mi="0" ci="5" mb="0" cb="0"/><line nr="20" mi="0" ci="8" mb="2" cb="2"/><line nr="25" mi="0" ci="11" mb="1" cb="3"/><line nr="26" mi="0" ci="2" mb="0" cb="0"/><line nr="29" mi="0" ci="4" mb="0" cb="0"/><line nr="30" mi="2" ci="4" mb="1" cb="1"/><line nr="32" mi="0" ci="4" mb="0" cb="0"/><line nr="33" mi="0" ci="4" mb="0" cb="0"/><line nr="36" mi="0" ci="10" mb="1" cb="3"/><line nr="37" mi="0" ci="6" mb="0" cb="2"/><line nr="38" mi="2" ci="4" mb="1" cb="1"/><line nr="41" mi="0" ci="6" mb="0" cb="2"/><line nr="43" mi="0" ci="4" mb="0" cb="0"/><line nr="44" mi="0" ci="5" mb="0" cb="0"/><line nr="45" mi="0" ci="6" mb="0" cb="0"/><line nr="47" mi="2" ci="4" mb="1" cb="1"/><line nr="48" mi="2" ci="4" mb="1" cb="1"/><line nr="50" mi="0" ci="2" mb="0" cb="0"/><counter type="INSTRUCTION" missed="8" covered="102"/><counter type="BRANCH" missed="8" covered="20"/><counter type="LINE" missed="0" covered="20"/><counter type="COMPLEXITY" missed="8" covered="8"/><counter type="METHOD" missed="0" covered="2"/><counter type="CLASS" missed="0" covered="1"/></sourcefile><sourcefile name="PasswordValidator.java"><line nr="6" mi="3" ci="0" mb="0" cb="0"/><line nr="14" mi="0" ci="5" mb="1" cb="3"/><line nr="15" mi="0" ci="5" mb="0" cb="0"/><line nr="18" mi="0" ci="10" mb="1" cb="3"/><line nr="21" mi="0" ci="13" mb="2" cb="2"/><line nr="25" mi="0" ci="8" mb="0" cb="0"/><line nr="26" mi="0" ci="2" mb="0" cb="0"/><line nr="28" mi="0" ci="17" mb="0" cb="2"/><line nr="29" mi="0" ci="3" mb="0" cb="2"/><line nr="31" mi="0" ci="4" mb="0" cb="2"/><line nr="32" mi="0" ci="2" mb="0" cb="0"/><line nr="33" mi="0" ci="1" mb="0" cb="0"/><line nr="35" mi="0" ci="2" mb="0" cb="0"/><line nr="38" mi="0" ci="6" mb="0" cb="2"/><line nr="39" mi="0" ci="6" mb="0" cb="2"/><line nr="40" mi="0" ci="6" mb="0" cb="2"/><line nr="43" mi="0" ci="6" mb="1" cb="1"/><line nr="48" mi="0" ci="12" mb="1" cb="7"/><counter type="INSTRUCTION" missed="3" covered="108"/><counter type="BRANCH" missed="6" covered="28"/><counter type="LINE" missed="1" covered="17"/><counter type="COMPLEXITY" missed="7" covered="12"/><counter type="METHOD" missed="1" covered="1"/><counter type="CLASS" missed="0" covered="1"/></sourcefile><counter type="INSTRUCTION" missed="14" covered="283"/><counter type="BRANCH" missed="15" covered="59"/><counter type="LINE" missed="2" covered="50"/><counter type="COMPLEXITY" missed="17" covered="28"/><counter type="METHOD" missed="2" covered="6"/><counter type="CLASS" missed="0" covered="3"/></package><counter type="INSTRUCTION" missed="14" covered="283"/><counter type="BRANCH" missed="15" covered="59"/><counter type="LINE" missed="2" covered="50"/><counter type="COMPLEXITY" missed="17" covered="28"/><counter type="METHOD" missed="2" covered="6"/><counter type="CLASS" missed="0" covered="3"/></report>