<?xml version="1.0" encoding="UTF-8"?>
<testsuite xmlns:xsi="http://www.w3.org/2001/XMLSchema-instance" xsi:noNamespaceSchemaLocation="https://maven.apache.org/surefire/maven-surefire-plugin/xsd/surefire-test-report-3.0.xsd" version="3.0" name="com.mycompany.practica_inicial.EmailTest" time="0.094" tests="6" errors="0" skipped="0" failures="0">
  <properties>
[...]
</properties>
  <testcase name="correoValido_esAceptado" classname="com.mycompany.practica_inicial.EmailTest" time="0.036"/>
  <testcase name="parteLocalConErrores_esInvalido" classname="com.mycompany.practica_inicial.EmailTest" time="0.006"/>
  <testcase name="correoVacio_LanzaExcepcion" classname="com.mycompany.practica_inicial.EmailTest" time="0.004"/>
  <testcase name="correoSinArroba_esInvalido" classname="com.mycompany.practica_inicial.EmailTest" time="0.001"/>
  <testcase name="dominioInvalido_esInvalido" classname="com.mycompany.practica_inicial.EmailTest" time="0.002"/>
  <testcase name="correoNulo_LanzaExcepcion" classname="com.mycompany.practica_inicial.EmailTest" time="0.001"/>
</testsuite>